= Host-specific information ====================================================
$> hostname; uname -msr
oa-o4.msk.21-school.ru
Darwin 18.7.0 x86_64
$> date
Sat Dec 18 13:48:09 MSK 2021
$> gcc --version
Configured with: --prefix=/Applications/Xcode.app/Contents/Developer/usr --with-gxx-include-dir=/Library/Developer/CommandLineTools/SDKs/MacOSX10.14.sdk/usr/include/c++/4.2.1
Apple clang version 11.0.0 (clang-1100.0.33.17)
Target: x86_64-apple-darwin18.7.0
Thread model: posix
InstalledDir: /Applications/Xcode.app/Contents/Developer/Toolchains/XcodeDefault.xctoolchain/usr/bin
$> clang --version
Apple clang version 11.0.0 (clang-1100.0.33.17)
Target: x86_64-apple-darwin18.7.0
Thread model: posix
InstalledDir: /Applications/Xcode.app/Contents/Developer/Toolchains/XcodeDefault.xctoolchain/usr/bin

= User files collection ========================================================
Collecting user files from Vogsphere
Repository URL: git@vogsphere.msk.21-school.ru:exam-2021-12-18/cwatcher_exam-rank-05_exam_12h09m08s.git

= Git history ==================================================================
$> git -C /tmp/tmpSfVtMI/user log --pretty='%H - %an, %ad : %s'
a864861d2b5e85dc36da95f9748a15a64d8bc1f7 - Carmine Watcher, Sat Dec 18 13:47:27 2021 +0300 : [done] cpp_module_00
94b4e8763e759db29dc6244b0c1d5770fec7cc29 - Carmine Watcher, Sat Dec 18 13:24:41 2021 +0300 : [boilerplate] + Warlock
2aa2a189dbae32278d129cf4d5a03c89dcba0222 - Carmine Watcher, Sat Dec 18 12:27:00 2021 +0300 : [boilerplate]
 
= Collected files ==========================================
$> ls -lAR /tmp/tmpSfVtMI/user
total 56
-rw-r--r--  1 root  wheel    18 Dec 18 13:48 .gitignore
-rwxr-xr-x  1 root  wheel   200 Dec 18 13:48 .zshrc
-rw-r--r--  1 root  wheel  1618 Dec 18 13:48 __GIT_HISTORY
drwxr-xr-x  8 root  wheel   256 Dec 18 13:48 cpp_module_00
-rwxr-xr-x  1 root  wheel  2363 Dec 18 13:48 subject.en.txt
-rw-r--r--  1 root  wheel  2288 Dec 18 13:48 subject.es.txt
-rwxr-xr-x  1 root  wheel  2335 Dec 18 13:48 subject.fr.txt
-rw-r--r--  1 root  wheel  3374 Dec 18 13:48 subject.hy.txt

/tmp/tmpSfVtMI/user/cpp_module_00:
total 40
-rw-r--r--  1 root  wheel   431 Dec 18 13:48 Makefile
-rw-r--r--  1 root  wheel     0 Dec 18 13:48 Warlock.cpp
-rw-r--r--  1 root  wheel  1042 Dec 18 13:48 Warlock.hpp
-rw-r--r--  1 root  wheel   727 Dec 18 13:48 main.cpp
-rw-r--r--  1 root  wheel   278 Dec 18 13:48 subject.out
-rwxr-xr-x  1 root  wheel   150 Dec 18 13:48 t.sh
 
= cpp_module_00 ================================================================
$> g++ -Wextra -Wall -Werror Warlock.cpp main.cpp -o user_exe 

= Test 1 ===================================================
$> ./htpjhkdibbczq5cww4xq1osq
$> diff -U 3 user_output_test1 test1.output | cat -e

Diff OK :D
Grade: 1

= Final grade: 1 ===============================================================
